<?xml version="1.0" encoding="UTF-8"?>
<testsuite name="FuelCalculatorTest" tests="4" skipped="0" failures="0" errors="0" timestamp="2025-04-26T19:30:59" hostname="DESKTOP-MQ4Q9CC" time="0.014">
  <properties/>
  <testcase name="testCalculateRemainingFuel()" classname="FuelCalculatorTest" time="0.003"/>
  <testcase name="testCalculateDailyMileage()" classname="FuelCalculatorTest" time="0.002"/>
  <testcase name="testCalculateFuelConsumption()" classname="FuelCalculatorTest" time="0.002"/>
  <testcase name="testSetAndGetFuelRate()" classname="FuelCalculatorTest" time="0.002"/>
  <system-out><![CDATA[]]></system-out>
  <system-err><![CDATA[]]></system-err>
</testsuite>
