<?xml version="1.0" encoding="UTF-8"?>
<testsuite name="ExampleTest" tests="1" skipped="0" failures="0" errors="0" timestamp="2025-04-26T19:30:59" hostname="DESKTOP-MQ4Q9CC" time="0.063">
  <properties/>
  <testcase name="simpleTest()" classname="ExampleTest" time="0.063"/>
  <system-out><![CDATA[]]></system-out>
  <system-err><![CDATA[]]></system-err>
</testsuite>
